<?xml version="1.0" encoding="UTF-8"?>
<!-- Generated by org.testng.reporters.JUnitXMLReporter -->
<testsuite hostname="LAPTOP-HMUAEC1Q" name="Sample test" tests="3" failures="0" timestamp="9 May 2020 04:28:45 GMT" time="83.617" errors="0">
  <testcase name="validLoginTest" time="4.199" classname="com.training.sanity.tests.LoginTests"/>
  <testcase name="loginApp" time="5.668" classname="com.training.sanity.tests.LoginTests"/>
  <testcase name="forgotPass" time="5.008" classname="com.training.sanity.tests.LoginTests"/>
</testsuite> <!-- Sample test -->
