<?xml version="1.0" encoding="UTF-8"?>
<testng-results skipped="0" failed="0" total="3" passed="3">
  <reporter-output>
  </reporter-output>
  <suite name="Sample test Suite" duration-ms="83617" started-at="2020-05-09T04:27:21Z" finished-at="2020-05-09T04:28:44Z">
    <groups>
    </groups>
    <test name="Sample test" duration-ms="83617" started-at="2020-05-09T04:27:21Z" finished-at="2020-05-09T04:28:44Z">
      <class name="com.training.sanity.tests.LoginTests">
        <test-method status="PASS" signature="setUpBeforeClass()[pri:0, instance:com.training.sanity.tests.LoginTests@59fa1d9b]" name="setUpBeforeClass" is-config="true" duration-ms="16" started-at="2020-05-09T00:27:21Z" finished-at="2020-05-09T00:27:21Z">
          <reporter-output>
          </reporter-output>
        </test-method> <!-- setUpBeforeClass -->
        <test-method status="PASS" signature="setUp()[pri:0, instance:com.training.sanity.tests.LoginTests@59fa1d9b]" name="setUp" is-config="true" duration-ms="18134" started-at="2020-05-09T00:27:21Z" finished-at="2020-05-09T00:27:39Z">
          <reporter-output>
          </reporter-output>
        </test-method> <!-- setUp -->
        <test-method status="PASS" signature="validLoginTest()[pri:1, instance:com.training.sanity.tests.LoginTests@59fa1d9b]" name="validLoginTest" duration-ms="4199" started-at="2020-05-09T00:27:39Z" finished-at="2020-05-09T00:27:43Z">
          <reporter-output>
          </reporter-output>
        </test-method> <!-- validLoginTest -->
        <test-method status="PASS" signature="tearDown()[pri:0, instance:com.training.sanity.tests.LoginTests@59fa1d9b]" name="tearDown" is-config="true" duration-ms="2072" started-at="2020-05-09T00:27:43Z" finished-at="2020-05-09T00:27:45Z">
          <reporter-output>
          </reporter-output>
        </test-method> <!-- tearDown -->
        <test-method status="PASS" signature="setUp()[pri:0, instance:com.training.sanity.tests.LoginTests@59fa1d9b]" name="setUp" is-config="true" duration-ms="22349" started-at="2020-05-09T00:27:45Z" finished-at="2020-05-09T00:28:08Z">
          <reporter-output>
          </reporter-output>
        </test-method> <!-- setUp -->
        <test-method status="PASS" signature="loginApp()[pri:2, instance:com.training.sanity.tests.LoginTests@59fa1d9b]" name="loginApp" duration-ms="5668" started-at="2020-05-09T00:28:08Z" finished-at="2020-05-09T00:28:13Z">
          <reporter-output>
          </reporter-output>
        </test-method> <!-- loginApp -->
        <test-method status="PASS" signature="tearDown()[pri:0, instance:com.training.sanity.tests.LoginTests@59fa1d9b]" name="tearDown" is-config="true" duration-ms="2273" started-at="2020-05-09T00:28:13Z" finished-at="2020-05-09T00:28:16Z">
          <reporter-output>
          </reporter-output>
        </test-method> <!-- tearDown -->
        <test-method status="PASS" signature="setUp()[pri:0, instance:com.training.sanity.tests.LoginTests@59fa1d9b]" name="setUp" is-config="true" duration-ms="21783" started-at="2020-05-09T00:28:16Z" finished-at="2020-05-09T00:28:37Z">
          <reporter-output>
          </reporter-output>
        </test-method> <!-- setUp -->
        <test-method status="PASS" signature="forgotPass()[pri:3, instance:com.training.sanity.tests.LoginTests@59fa1d9b]" name="forgotPass" duration-ms="5008" started-at="2020-05-09T00:28:37Z" finished-at="2020-05-09T00:28:42Z">
          <reporter-output>
          </reporter-output>
        </test-method> <!-- forgotPass -->
        <test-method status="PASS" signature="tearDown()[pri:0, instance:com.training.sanity.tests.LoginTests@59fa1d9b]" name="tearDown" is-config="true" duration-ms="2089" started-at="2020-05-09T00:28:42Z" finished-at="2020-05-09T00:28:44Z">
          <reporter-output>
          </reporter-output>
        </test-method> <!-- tearDown -->
      </class> <!-- com.training.sanity.tests.LoginTests -->
    </test> <!-- Sample test -->
  </suite> <!-- Sample test Suite -->
</testng-results>
